2021-10-08T13:54:56: PM2 log: ===============================================================================
2021-10-08T13:54:56: PM2 log: --- New PM2 Daemon started ----------------------------------------------------
2021-10-08T13:54:56: PM2 log: Time                 : Fri Oct 08 2021 13:54:56 GMT+0900 (GMT+09:00)
2021-10-08T13:54:56: PM2 log: PM2 version          : 5.1.2
2021-10-08T13:54:56: PM2 log: Node.js version      : 10.24.1
2021-10-08T13:54:56: PM2 log: Current arch         : arm
2021-10-08T13:54:56: PM2 log: PM2 home             : /home/pi/.pm2
2021-10-08T13:54:56: PM2 log: PM2 PID file         : /home/pi/.pm2/pm2.pid
2021-10-08T13:54:56: PM2 log: RPC socket file      : /home/pi/.pm2/rpc.sock
2021-10-08T13:54:56: PM2 log: BUS socket file      : /home/pi/.pm2/pub.sock
2021-10-08T13:54:56: PM2 log: Application log path : /home/pi/.pm2/logs
2021-10-08T13:54:56: PM2 log: Worker Interval      : 30000
2021-10-08T13:54:56: PM2 log: Process dump file    : /home/pi/.pm2/dump.pm2
2021-10-08T13:54:56: PM2 log: Concurrent actions   : 2
2021-10-08T13:54:56: PM2 log: SIGTERM timeout      : 1600
2021-10-08T13:54:56: PM2 log: ===============================================================================
2021-10-08T13:54:56: PM2 log: App [mm:0] starting in -fork mode-
2021-10-08T13:54:56: PM2 log: App [mm:0] online
2021-10-08T14:01:24: PM2 log: Stopping app:mm id:0
2021-10-08T14:01:24: PM2 log: App [mm:0] exited with code [0] via signal [SIGINT]
2021-10-08T14:01:24: PM2 log: pid=2190 msg=process killed
2021-10-08T14:03:38: PM2 log: App [mm:0] starting in -fork mode-
2021-10-08T14:03:38: PM2 log: App [mm:0] online
2021-10-08T14:11:05: PM2 log: pm2 has been killed by signal, dumping process list before exit...
2021-10-08T14:11:05: PM2 log: Deleting process 0
2021-10-08T14:11:05: PM2 log: Stopping app:mm id:0
2021-10-08T14:11:05: PM2 log: App [mm:0] exited with code [0] via signal [SIGTERM]
2021-10-08T14:11:05: PM2 log: pid=2356 msg=process killed
2021-10-08T14:11:05: PM2 log: Exited peacefully
2021-10-08T14:11:14: PM2 log: ===============================================================================
2021-10-08T14:11:14: PM2 log: --- New PM2 Daemon started ----------------------------------------------------
2021-10-08T14:11:14: PM2 log: Time                 : Fri Oct 08 2021 14:11:14 GMT+0900 (GMT+09:00)
2021-10-08T14:11:14: PM2 log: PM2 version          : 5.1.2
2021-10-08T14:11:14: PM2 log: Node.js version      : 10.24.1
2021-10-08T14:11:14: PM2 log: Current arch         : arm
2021-10-08T14:11:14: PM2 log: PM2 home             : /home/pi/.pm2
2021-10-08T14:11:14: PM2 log: PM2 PID file         : /home/pi/.pm2/pm2.pid
2021-10-08T14:11:14: PM2 log: RPC socket file      : /home/pi/.pm2/rpc.sock
2021-10-08T14:11:14: PM2 log: BUS socket file      : /home/pi/.pm2/pub.sock
2021-10-08T14:11:14: PM2 log: Application log path : /home/pi/.pm2/logs
2021-10-08T14:11:14: PM2 log: Worker Interval      : 30000
2021-10-08T14:11:14: PM2 log: Process dump file    : /home/pi/.pm2/dump.pm2
2021-10-08T14:11:14: PM2 log: Concurrent actions   : 2
2021-10-08T14:11:14: PM2 log: SIGTERM timeout      : 1600
2021-10-08T14:11:14: PM2 log: ===============================================================================
2021-10-08T14:11:14: PM2 log: App [mm:0] starting in -fork mode-
2021-10-08T14:11:14: PM2 log: App [mm:0] online
2021-10-08T14:22:45: PM2 log: Stopping app:mm id:0
2021-10-08T14:22:45: PM2 log: pid=594 msg=failed to kill - retrying in 100ms
2021-10-08T14:22:45: PM2 log: App [mm:0] exited with code [0] via signal [SIGINT]
2021-10-08T14:22:45: PM2 log: pid=594 msg=process killed
2021-10-08T14:32:44: PM2 log: App [mm:0] starting in -fork mode-
2021-10-08T14:32:44: PM2 log: App [mm:0] online
2021-10-08T14:42:23: PM2 log: Stopping app:mm id:0
2021-10-08T14:42:23: PM2 log: App [mm:0] exited with code [0] via signal [SIGINT]
2021-10-08T14:42:23: PM2 log: pid=2288 msg=process killed
2021-10-08T14:43:22: PM2 log: App [mm:0] starting in -fork mode-
2021-10-08T14:43:22: PM2 log: App [mm:0] online
2021-10-08T15:28:23: PM2 log: Stopping app:mm id:0
2021-10-08T15:28:23: PM2 log: App [mm:0] exited with code [0] via signal [SIGINT]
2021-10-08T15:28:23: PM2 log: pid=2578 msg=process killed
2021-10-08T15:28:23: PM2 log: App [mm:0] starting in -fork mode-
2021-10-08T15:28:23: PM2 log: App [mm:0] online
2021-10-08T16:03:40: PM2 log: Stopping app:mm id:0
2021-10-08T16:03:40: PM2 log: App [mm:0] exited with code [0] via signal [SIGINT]
2021-10-08T16:03:40: PM2 log: pid=3006 msg=process killed
2021-10-08T16:03:40: PM2 log: App [mm:0] starting in -fork mode-
2021-10-08T16:03:40: PM2 log: App [mm:0] online
2021-10-08T16:09:39: PM2 log: Stopping app:mm id:0
2021-10-08T16:09:40: PM2 log: App [mm:0] exited with code [0] via signal [SIGINT]
2021-10-08T16:09:40: PM2 log: pid=3496 msg=process killed
2021-10-08T16:09:40: PM2 log: App [mm:0] starting in -fork mode-
2021-10-08T16:09:40: PM2 log: App [mm:0] online
2021-10-08T16:38:03: PM2 log: Stopping app:mm id:0
2021-10-08T16:38:04: PM2 log: App [mm:0] exited with code [0] via signal [SIGINT]
2021-10-08T16:38:04: PM2 log: pid=3757 msg=process killed
2021-10-08T16:38:04: PM2 log: App [mm:0] starting in -fork mode-
2021-10-08T16:38:04: PM2 log: App [mm:0] online
2021-10-08T17:02:11: PM2 log: ===============================================================================
2021-10-08T17:02:11: PM2 log: --- New PM2 Daemon started ----------------------------------------------------
2021-10-08T17:02:11: PM2 log: Time                 : Fri Oct 08 2021 17:02:11 GMT+0900 (GMT+09:00)
2021-10-08T17:02:11: PM2 log: PM2 version          : 5.1.2
2021-10-08T17:02:11: PM2 log: Node.js version      : 10.24.1
2021-10-08T17:02:11: PM2 log: Current arch         : arm
2021-10-08T17:02:11: PM2 log: PM2 home             : /home/pi/.pm2
2021-10-08T17:02:11: PM2 log: PM2 PID file         : /home/pi/.pm2/pm2.pid
2021-10-08T17:02:11: PM2 log: RPC socket file      : /home/pi/.pm2/rpc.sock
2021-10-08T17:02:11: PM2 log: BUS socket file      : /home/pi/.pm2/pub.sock
2021-10-08T17:02:11: PM2 log: Application log path : /home/pi/.pm2/logs
2021-10-08T17:02:11: PM2 log: Worker Interval      : 30000
2021-10-08T17:02:11: PM2 log: Process dump file    : /home/pi/.pm2/dump.pm2
2021-10-08T17:02:11: PM2 log: Concurrent actions   : 2
2021-10-08T17:02:11: PM2 log: SIGTERM timeout      : 1600
2021-10-08T17:02:11: PM2 log: ===============================================================================
2021-10-08T17:02:11: PM2 log: App [mm:0] starting in -fork mode-
2021-10-08T17:02:11: PM2 log: App [mm:0] online
2021-10-08T17:47:07: PM2 log: ===============================================================================
2021-10-08T17:47:07: PM2 log: --- New PM2 Daemon started ----------------------------------------------------
2021-10-08T17:47:07: PM2 log: Time                 : Fri Oct 08 2021 17:47:07 GMT+0900 (GMT+09:00)
2021-10-08T17:47:07: PM2 log: PM2 version          : 5.1.2
2021-10-08T17:47:07: PM2 log: Node.js version      : 10.24.1
2021-10-08T17:47:07: PM2 log: Current arch         : arm
2021-10-08T17:47:07: PM2 log: PM2 home             : /home/pi/.pm2
2021-10-08T17:47:07: PM2 log: PM2 PID file         : /home/pi/.pm2/pm2.pid
2021-10-08T17:47:07: PM2 log: RPC socket file      : /home/pi/.pm2/rpc.sock
2021-10-08T17:47:07: PM2 log: BUS socket file      : /home/pi/.pm2/pub.sock
2021-10-08T17:47:07: PM2 log: Application log path : /home/pi/.pm2/logs
2021-10-08T17:47:07: PM2 log: Worker Interval      : 30000
2021-10-08T17:47:07: PM2 log: Process dump file    : /home/pi/.pm2/dump.pm2
2021-10-08T17:47:07: PM2 log: Concurrent actions   : 2
2021-10-08T17:47:07: PM2 log: SIGTERM timeout      : 1600
2021-10-08T17:47:07: PM2 log: ===============================================================================
2021-10-08T17:47:07: PM2 log: App [mm:0] starting in -fork mode-
2021-10-08T17:47:07: PM2 log: App [mm:0] online
2021-10-08T17:47:07: PM2 log: ===============================================================================
2021-10-08T17:47:07: PM2 log: --- New PM2 Daemon started ----------------------------------------------------
2021-10-08T17:47:07: PM2 log: Time                 : Fri Oct 08 2021 17:47:07 GMT+0900 (GMT+09:00)
2021-10-08T17:47:07: PM2 log: PM2 version          : 5.1.2
2021-10-08T17:47:07: PM2 log: Node.js version      : 10.24.1
2021-10-08T17:47:07: PM2 log: Current arch         : arm
2021-10-08T17:47:07: PM2 log: PM2 home             : /home/pi/.pm2
2021-10-08T17:47:07: PM2 log: PM2 PID file         : /home/pi/.pm2/pm2.pid
2021-10-08T17:47:07: PM2 log: RPC socket file      : /home/pi/.pm2/rpc.sock
2021-10-08T17:47:07: PM2 log: BUS socket file      : /home/pi/.pm2/pub.sock
2021-10-08T17:47:07: PM2 log: Application log path : /home/pi/.pm2/logs
2021-10-08T17:47:07: PM2 log: Worker Interval      : 30000
2021-10-08T17:47:07: PM2 log: Process dump file    : /home/pi/.pm2/dump.pm2
2021-10-08T17:47:07: PM2 log: Concurrent actions   : 2
2021-10-08T17:47:07: PM2 log: SIGTERM timeout      : 1600
2021-10-08T17:47:07: PM2 log: ===============================================================================
2021-10-08T17:47:07: PM2 log: App [mm:0] starting in -fork mode-
2021-10-08T17:47:07: PM2 log: App [mm:0] online
2021-10-16T21:58:37: PM2 log: ===============================================================================
2021-10-16T21:58:37: PM2 log: --- New PM2 Daemon started ----------------------------------------------------
2021-10-16T21:58:37: PM2 log: Time                 : Sat Oct 16 2021 21:58:37 GMT+0900 (GMT+09:00)
2021-10-16T21:58:37: PM2 log: PM2 version          : 5.1.2
2021-10-16T21:58:37: PM2 log: Node.js version      : 10.24.1
2021-10-16T21:58:37: PM2 log: Current arch         : arm
2021-10-16T21:58:37: PM2 log: PM2 home             : /home/pi/.pm2
2021-10-16T21:58:37: PM2 log: PM2 PID file         : /home/pi/.pm2/pm2.pid
2021-10-16T21:58:37: PM2 log: RPC socket file      : /home/pi/.pm2/rpc.sock
2021-10-16T21:58:37: PM2 log: BUS socket file      : /home/pi/.pm2/pub.sock
2021-10-16T21:58:37: PM2 log: Application log path : /home/pi/.pm2/logs
2021-10-16T21:58:37: PM2 log: Worker Interval      : 30000
2021-10-16T21:58:37: PM2 log: Process dump file    : /home/pi/.pm2/dump.pm2
2021-10-16T21:58:37: PM2 log: Concurrent actions   : 2
2021-10-16T21:58:37: PM2 log: SIGTERM timeout      : 1600
2021-10-16T21:58:37: PM2 log: ===============================================================================
2021-10-16T21:58:37: PM2 log: App [mm:0] starting in -fork mode-
2021-10-16T21:58:37: PM2 log: App [mm:0] online
2021-10-16T22:36:23: PM2 log: ===============================================================================
2021-10-16T22:36:23: PM2 log: --- New PM2 Daemon started ----------------------------------------------------
2021-10-16T22:36:23: PM2 log: Time                 : Sat Oct 16 2021 22:36:23 GMT+0900 (GMT+09:00)
2021-10-16T22:36:23: PM2 log: PM2 version          : 5.1.2
2021-10-16T22:36:23: PM2 log: Node.js version      : 10.24.1
2021-10-16T22:36:23: PM2 log: Current arch         : arm
2021-10-16T22:36:23: PM2 log: PM2 home             : /home/pi/.pm2
2021-10-16T22:36:23: PM2 log: PM2 PID file         : /home/pi/.pm2/pm2.pid
2021-10-16T22:36:23: PM2 log: RPC socket file      : /home/pi/.pm2/rpc.sock
2021-10-16T22:36:23: PM2 log: BUS socket file      : /home/pi/.pm2/pub.sock
2021-10-16T22:36:23: PM2 log: Application log path : /home/pi/.pm2/logs
2021-10-16T22:36:23: PM2 log: Worker Interval      : 30000
2021-10-16T22:36:23: PM2 log: Process dump file    : /home/pi/.pm2/dump.pm2
2021-10-16T22:36:23: PM2 log: Concurrent actions   : 2
2021-10-16T22:36:23: PM2 log: SIGTERM timeout      : 1600
2021-10-16T22:36:23: PM2 log: ===============================================================================
2021-10-16T22:36:23: PM2 log: App [mm:0] starting in -fork mode-
2021-10-16T22:36:23: PM2 log: App [mm:0] online
2021-10-29T21:27:09: PM2 log: ===============================================================================
2021-10-29T21:27:09: PM2 log: --- New PM2 Daemon started ----------------------------------------------------
2021-10-29T21:27:09: PM2 log: Time                 : Fri Oct 29 2021 21:27:09 GMT+0900 (대한민국 표준시)
2021-10-29T21:27:09: PM2 log: PM2 version          : 5.1.2
2021-10-29T21:27:09: PM2 log: Node.js version      : 14.18.1
2021-10-29T21:27:09: PM2 log: Current arch         : arm
2021-10-29T21:27:09: PM2 log: PM2 home             : /home/pi/.pm2
2021-10-29T21:27:09: PM2 log: PM2 PID file         : /home/pi/.pm2/pm2.pid
2021-10-29T21:27:09: PM2 log: RPC socket file      : /home/pi/.pm2/rpc.sock
2021-10-29T21:27:09: PM2 log: BUS socket file      : /home/pi/.pm2/pub.sock
2021-10-29T21:27:09: PM2 log: Application log path : /home/pi/.pm2/logs
2021-10-29T21:27:09: PM2 log: Worker Interval      : 30000
2021-10-29T21:27:09: PM2 log: Process dump file    : /home/pi/.pm2/dump.pm2
2021-10-29T21:27:09: PM2 log: Concurrent actions   : 2
2021-10-29T21:27:09: PM2 log: SIGTERM timeout      : 1600
2021-10-29T21:27:09: PM2 log: ===============================================================================
2021-10-29T21:27:09: PM2 log: App [mm:0] starting in -fork mode-
2021-10-29T21:27:09: PM2 log: App [mm:0] online
2021-10-29T23:23:03: PM2 log: ===============================================================================
2021-10-29T23:23:03: PM2 log: --- New PM2 Daemon started ----------------------------------------------------
2021-10-29T23:23:03: PM2 log: Time                 : Fri Oct 29 2021 23:23:03 GMT+0900 (대한민국 표준시)
2021-10-29T23:23:03: PM2 log: PM2 version          : 5.1.2
2021-10-29T23:23:03: PM2 log: Node.js version      : 14.18.1
2021-10-29T23:23:03: PM2 log: Current arch         : arm
2021-10-29T23:23:03: PM2 log: PM2 home             : /home/pi/.pm2
2021-10-29T23:23:03: PM2 log: PM2 PID file         : /home/pi/.pm2/pm2.pid
2021-10-29T23:23:03: PM2 log: RPC socket file      : /home/pi/.pm2/rpc.sock
2021-10-29T23:23:03: PM2 log: BUS socket file      : /home/pi/.pm2/pub.sock
2021-10-29T23:23:03: PM2 log: Application log path : /home/pi/.pm2/logs
2021-10-29T23:23:03: PM2 log: Worker Interval      : 30000
2021-10-29T23:23:03: PM2 log: Process dump file    : /home/pi/.pm2/dump.pm2
2021-10-29T23:23:03: PM2 log: Concurrent actions   : 2
2021-10-29T23:23:03: PM2 log: SIGTERM timeout      : 1600
2021-10-29T23:23:03: PM2 log: ===============================================================================
2021-10-29T23:23:03: PM2 log: App [mm:0] starting in -fork mode-
2021-10-29T23:23:03: PM2 log: App [mm:0] online
2021-10-30T04:18:22: PM2 log: ===============================================================================
2021-10-30T04:18:22: PM2 log: --- New PM2 Daemon started ----------------------------------------------------
2021-10-30T04:18:22: PM2 log: Time                 : Sat Oct 30 2021 04:18:22 GMT+0900 (대한민국 표준시)
2021-10-30T04:18:22: PM2 log: PM2 version          : 5.1.2
2021-10-30T04:18:22: PM2 log: Node.js version      : 14.18.1
2021-10-30T04:18:22: PM2 log: Current arch         : arm
2021-10-30T04:18:22: PM2 log: PM2 home             : /home/pi/.pm2
2021-10-30T04:18:22: PM2 log: PM2 PID file         : /home/pi/.pm2/pm2.pid
2021-10-30T04:18:22: PM2 log: RPC socket file      : /home/pi/.pm2/rpc.sock
2021-10-30T04:18:22: PM2 log: BUS socket file      : /home/pi/.pm2/pub.sock
2021-10-30T04:18:22: PM2 log: Application log path : /home/pi/.pm2/logs
2021-10-30T04:18:22: PM2 log: Worker Interval      : 30000
2021-10-30T04:18:22: PM2 log: Process dump file    : /home/pi/.pm2/dump.pm2
2021-10-30T04:18:22: PM2 log: Concurrent actions   : 2
2021-10-30T04:18:22: PM2 log: SIGTERM timeout      : 1600
2021-10-30T04:18:22: PM2 log: ===============================================================================
2021-10-30T04:18:22: PM2 log: App [mm:0] starting in -fork mode-
2021-10-30T04:18:23: PM2 log: App [mm:0] online
2021-10-30T06:17:09: PM2 log: ===============================================================================
2021-10-30T06:17:09: PM2 log: --- New PM2 Daemon started ----------------------------------------------------
2021-10-30T06:17:09: PM2 log: Time                 : Sat Oct 30 2021 06:17:09 GMT+0900 (대한민국 표준시)
2021-10-30T06:17:09: PM2 log: PM2 version          : 5.1.2
2021-10-30T06:17:09: PM2 log: Node.js version      : 14.18.1
2021-10-30T06:17:09: PM2 log: Current arch         : arm
2021-10-30T06:17:09: PM2 log: PM2 home             : /home/pi/.pm2
2021-10-30T06:17:09: PM2 log: PM2 PID file         : /home/pi/.pm2/pm2.pid
2021-10-30T06:17:09: PM2 log: RPC socket file      : /home/pi/.pm2/rpc.sock
2021-10-30T06:17:09: PM2 log: BUS socket file      : /home/pi/.pm2/pub.sock
2021-10-30T06:17:09: PM2 log: Application log path : /home/pi/.pm2/logs
2021-10-30T06:17:09: PM2 log: Worker Interval      : 30000
2021-10-30T06:17:09: PM2 log: Process dump file    : /home/pi/.pm2/dump.pm2
2021-10-30T06:17:09: PM2 log: Concurrent actions   : 2
2021-10-30T06:17:09: PM2 log: SIGTERM timeout      : 1600
2021-10-30T06:17:09: PM2 log: ===============================================================================
2021-10-30T06:17:09: PM2 log: App [mm:0] starting in -fork mode-
2021-10-30T06:17:09: PM2 log: App [mm:0] online
