0 verbose cli [ '/usr/bin/node', '/usr/bin/npm', 'install' ]
1 info using npm@8.1.2
2 info using node@v14.18.1
3 timing npm:load:whichnode Completed in 1ms
4 timing config:load:defaults Completed in 5ms
5 timing config:load:file:/usr/lib/node_modules/npm/npmrc Completed in 4ms
6 timing config:load:builtin Completed in 4ms
7 timing config:load:cli Completed in 5ms
8 timing config:load:env Completed in 0ms
9 timing config:load:file:/home/pi/MagicMirror/modules/MMM-GoogleAssistant/.npmrc Completed in 1ms
10 timing config:load:project Completed in 2ms
11 timing config:load:file:/home/pi/.npmrc Completed in 0ms
12 timing config:load:user Completed in 0ms
13 timing config:load:file:/usr/etc/npmrc Completed in 1ms
14 timing config:load:global Completed in 1ms
15 timing config:load:validate Completed in 0ms
16 timing config:load:credentials Completed in 3ms
17 timing config:load:setEnvs Completed in 5ms
18 timing config:load Completed in 28ms
19 timing npm:load:configload Completed in 28ms
20 timing npm:load:setTitle Completed in 0ms
21 timing npm:load:setupLog Completed in 1ms
22 timing config:load:flatten Completed in 9ms
23 timing npm:load:cleanupLog Completed in 8ms
24 timing npm:load:configScope Completed in 0ms
25 timing npm:load:projectScope Completed in 1ms
26 timing npm:load Completed in 53ms
27 timing arborist:ctor Completed in 4ms
28 timing arborist:ctor Completed in 1ms
29 timing idealTree:init Completed in 46ms
30 timing idealTree:userRequests Completed in 0ms
31 silly idealTree buildDeps
32 timing idealTree:#root Completed in 1ms
33 timing idealTree:buildDeps Completed in 3ms
34 timing idealTree:fixDepFlags Completed in 0ms
35 timing idealTree Completed in 54ms
36 timing reify:loadTrees Completed in 58ms
37 timing reify:diffTrees Completed in 2ms
38 silly reify moves {}
39 timing reify:retireShallow Completed in 1ms
40 timing reify:createSparse Completed in 0ms
41 timing reify:loadBundles Completed in 0ms
42 silly audit report null
43 timing reify:audit Completed in 2ms
44 timing reify:unpack Completed in 0ms
45 timing reify:unretire Completed in 0ms
46 timing build:queue Completed in 0ms
47 timing build:deps Completed in 1ms
48 timing build Completed in 1ms
49 timing reify:build Completed in 2ms
50 timing reify:trash Completed in 0ms
51 timing reify:save Completed in 6ms
52 timing reify Completed in 108ms
53 timing command:install Completed in 1417ms
54 verbose stack Error: command failed
54 verbose stack     at ChildProcess.<anonymous> (/usr/lib/node_modules/npm/node_modules/@npmcli/promise-spawn/index.js:64:27)
54 verbose stack     at ChildProcess.emit (events.js:400:28)
54 verbose stack     at maybeClose (internal/child_process.js:1058:16)
54 verbose stack     at Process.ChildProcess._handle.onexit (internal/child_process.js:293:5)
55 verbose cwd /home/pi/MagicMirror/modules/MMM-GoogleAssistant
56 verbose Linux 5.10.17-v7l+
57 verbose argv "/usr/bin/node" "/usr/bin/npm" "install"
58 verbose node v14.18.1
59 verbose npm  v8.1.2
60 error code 255
61 error path /home/pi/MagicMirror/modules/MMM-GoogleAssistant
62 error command failed
63 error command sh -c installer/preinstall.sh
64 verbose exit 255
